<?xml version="1.0" encoding="UTF-8"?>
<testsuite xmlns:xsi="http://www.w3.org/2001/XMLSchema-instance" xsi:noNamespaceSchemaLocation="https://maven.apache.org/surefire/maven-surefire-plugin/xsd/surefire-test-report.xsd" name="io.fdlessard.liveproject.validate.Milestone1ApplicationTest" time="4.539" tests="2" errors="0" skipped="0" failures="0">
  <properties>
    <property name="gopherProxySet" value="false"/>
    <property name="awt.toolkit" value="sun.lwawt.macosx.LWCToolkit"/>
    <property name="java.specification.version" value="11"/>
    <property name="sun.cpu.isalist" value=""/>
    <property name="sun.jnu.encoding" value="UTF-8"/>
    <property name="java.class.path" value="/Users/fdlessard/Documents/SoftwareProjects/liveproject-validate/milestone1/target/test-classes:/Users/fdlessard/Documents/SoftwareProjects/liveproject-validate/milestone1/target/classes:/Users/fdlessard/.m2/repository/org/springframework/cloud/spring-cloud-starter-gateway/3.0.3/spring-cloud-starter-gateway-3.0.3.jar:/Users/fdlessard/.m2/repository/org/springframework/cloud/spring-cloud-starter/3.0.3/spring-cloud-starter-3.0.3.jar:/Users/fdlessard/.m2/repository/org/springframework/cloud/spring-cloud-context/3.0.3/spring-cloud-context-3.0.3.jar:/Users/fdlessard/.m2/repository/org/springframework/cloud/spring-cloud-commons/3.0.3/spring-cloud-commons-3.0.3.jar:/Users/fdlessard/.m2/repository/org/springframework/security/spring-security-rsa/1.0.10.RELEASE/spring-security-rsa-1.0.10.RELEASE.jar:/Users/fdlessard/.m2/repository/org/bouncycastle/bcpkix-jdk15on/1.68/bcpkix-jdk15on-1.68.jar:/Users/fdlessard/.m2/repository/org/bouncycastle/bcprov-jdk15on/1.68/bcprov-jdk15on-1.68.jar:/Users/fdlessard/.m2/repository/org/springframework/cloud/spring-cloud-gateway-server/3.0.3/spring-cloud-gateway-server-3.0.3.jar:/Users/fdlessard/.m2/repository/org/springframework/boot/spring-boot-starter-validation/2.5.0/spring-boot-starter-validation-2.5.0.jar:/Users/fdlessard/.m2/repository/org/apache/tomcat/embed/tomcat-embed-el/9.0.46/tomcat-embed-el-9.0.46.jar:/Users/fdlessard/.m2/repository/org/hibernate/validator/hibernate-validator/6.2.0.Final/hibernate-validator-6.2.0.Final.jar:/Users/fdlessard/.m2/repository/jakarta/validation/jakarta.validation-api/2.0.2/jakarta.validation-api-2.0.2.jar:/Users/fdlessard/.m2/repository/org/jboss/logging/jboss-logging/3.4.1.Final/jboss-logging-3.4.1.Final.jar:/Users/fdlessard/.m2/repository/com/fasterxml/classmate/1.5.1/classmate-1.5.1.jar:/Users/fdlessard/.m2/repository/io/projectreactor/addons/reactor-extra/3.4.3/reactor-extra-3.4.3.jar:/Users/fdlessard/.m2/repository/org/springframework/boot/spring-boot-starter-test/2.5.0/spring-boot-starter-test-2.5.0.jar:/Users/fdlessard/.m2/repository/org/springframework/boot/spring-boot-starter/2.5.0/spring-boot-starter-2.5.0.jar:/Users/fdlessard/.m2/repository/org/springframework/boot/spring-boot/2.5.0/spring-boot-2.5.0.jar:/Users/fdlessard/.m2/repository/org/springframework/boot/spring-boot-autoconfigure/2.5.0/spring-boot-autoconfigure-2.5.0.jar:/Users/fdlessard/.m2/repository/org/springframework/boot/spring-boot-starter-logging/2.5.0/spring-boot-starter-logging-2.5.0.jar:/Users/fdlessard/.m2/repository/ch/qos/logback/logback-classic/1.2.3/logback-classic-1.2.3.jar:/Users/fdlessard/.m2/repository/ch/qos/logback/logback-core/1.2.3/logback-core-1.2.3.jar:/Users/fdlessard/.m2/repository/org/apache/logging/log4j/log4j-to-slf4j/2.14.1/log4j-to-slf4j-2.14.1.jar:/Users/fdlessard/.m2/repository/org/apache/logging/log4j/log4j-api/2.14.1/log4j-api-2.14.1.jar:/Users/fdlessard/.m2/repository/org/slf4j/jul-to-slf4j/1.7.30/jul-to-slf4j-1.7.30.jar:/Users/fdlessard/.m2/repository/jakarta/annotation/jakarta.annotation-api/1.3.5/jakarta.annotation-api-1.3.5.jar:/Users/fdlessard/.m2/repository/org/yaml/snakeyaml/1.28/snakeyaml-1.28.jar:/Users/fdlessard/.m2/repository/org/springframework/boot/spring-boot-test/2.5.0/spring-boot-test-2.5.0.jar:/Users/fdlessard/.m2/repository/org/springframework/boot/spring-boot-test-autoconfigure/2.5.0/spring-boot-test-autoconfigure-2.5.0.jar:/Users/fdlessard/.m2/repository/com/jayway/jsonpath/json-path/2.5.0/json-path-2.5.0.jar:/Users/fdlessard/.m2/repository/jakarta/xml/bind/jakarta.xml.bind-api/2.3.3/jakarta.xml.bind-api-2.3.3.jar:/Users/fdlessard/.m2/repository/jakarta/activation/jakarta.activation-api/1.2.2/jakarta.activation-api-1.2.2.jar:/Users/fdlessard/.m2/repository/org/assertj/assertj-core/3.19.0/assertj-core-3.19.0.jar:/Users/fdlessard/.m2/repository/org/hamcrest/hamcrest/2.2/hamcrest-2.2.jar:/Users/fdlessard/.m2/repository/org/junit/jupiter/junit-jupiter/5.7.2/junit-jupiter-5.7.2.jar:/Users/fdlessard/.m2/repository/org/junit/jupiter/junit-jupiter-api/5.7.2/junit-jupiter-api-5.7.2.jar:/Users/fdlessard/.m2/repository/org/apiguardian/apiguardian-api/1.1.0/apiguardian-api-1.1.0.jar:/Users/fdlessard/.m2/repository/org/opentest4j/opentest4j/1.2.0/opentest4j-1.2.0.jar:/Users/fdlessard/.m2/repository/org/junit/platform/junit-platform-commons/1.7.2/junit-platform-commons-1.7.2.jar:/Users/fdlessard/.m2/repository/org/junit/jupiter/junit-jupiter-params/5.7.2/junit-jupiter-params-5.7.2.jar:/Users/fdlessard/.m2/repository/org/junit/jupiter/junit-jupiter-engine/5.7.2/junit-jupiter-engine-5.7.2.jar:/Users/fdlessard/.m2/repository/org/junit/platform/junit-platform-engine/1.7.2/junit-platform-engine-1.7.2.jar:/Users/fdlessard/.m2/repository/org/mockito/mockito-core/3.9.0/mockito-core-3.9.0.jar:/Users/fdlessard/.m2/repository/net/bytebuddy/byte-buddy/1.10.22/byte-buddy-1.10.22.jar:/Users/fdlessard/.m2/repository/net/bytebuddy/byte-buddy-agent/1.10.22/byte-buddy-agent-1.10.22.jar:/Users/fdlessard/.m2/repository/org/objenesis/objenesis/3.2/objenesis-3.2.jar:/Users/fdlessard/.m2/repository/org/mockito/mockito-junit-jupiter/3.9.0/mockito-junit-jupiter-3.9.0.jar:/Users/fdlessard/.m2/repository/org/skyscreamer/jsonassert/1.5.0/jsonassert-1.5.0.jar:/Users/fdlessard/.m2/repository/com/vaadin/external/google/android-json/0.0.20131108.vaadin1/android-json-0.0.20131108.vaadin1.jar:/Users/fdlessard/.m2/repository/org/springframework/spring-core/5.3.7/spring-core-5.3.7.jar:/Users/fdlessard/.m2/repository/org/springframework/spring-jcl/5.3.7/spring-jcl-5.3.7.jar:/Users/fdlessard/.m2/repository/org/springframework/spring-test/5.3.7/spring-test-5.3.7.jar:/Users/fdlessard/.m2/repository/org/xmlunit/xmlunit-core/2.8.2/xmlunit-core-2.8.2.jar:/Users/fdlessard/.m2/repository/com/github/tomakehurst/wiremock-jre8/2.28.1/wiremock-jre8-2.28.1.jar:/Users/fdlessard/.m2/repository/org/eclipse/jetty/jetty-server/9.4.41.v20210516/jetty-server-9.4.41.v20210516.jar:/Users/fdlessard/.m2/repository/javax/servlet/javax.servlet-api/4.0.1/javax.servlet-api-4.0.1.jar:/Users/fdlessard/.m2/repository/org/eclipse/jetty/jetty-http/9.4.41.v20210516/jetty-http-9.4.41.v20210516.jar:/Users/fdlessard/.m2/repository/org/eclipse/jetty/jetty-io/9.4.41.v20210516/jetty-io-9.4.41.v20210516.jar:/Users/fdlessard/.m2/repository/org/eclipse/jetty/jetty-servlet/9.4.41.v20210516/jetty-servlet-9.4.41.v20210516.jar:/Users/fdlessard/.m2/repository/org/eclipse/jetty/jetty-security/9.4.41.v20210516/jetty-security-9.4.41.v20210516.jar:/Users/fdlessard/.m2/repository/org/eclipse/jetty/jetty-util-ajax/9.4.41.v20210516/jetty-util-ajax-9.4.41.v20210516.jar:/Users/fdlessard/.m2/repository/org/eclipse/jetty/jetty-servlets/9.4.41.v20210516/jetty-servlets-9.4.41.v20210516.jar:/Users/fdlessard/.m2/repository/org/eclipse/jetty/jetty-continuation/9.4.41.v20210516/jetty-continuation-9.4.41.v20210516.jar:/Users/fdlessard/.m2/repository/org/eclipse/jetty/jetty-util/9.4.41.v20210516/jetty-util-9.4.41.v20210516.jar:/Users/fdlessard/.m2/repository/org/eclipse/jetty/jetty-webapp/9.4.41.v20210516/jetty-webapp-9.4.41.v20210516.jar:/Users/fdlessard/.m2/repository/org/eclipse/jetty/jetty-xml/9.4.41.v20210516/jetty-xml-9.4.41.v20210516.jar:/Users/fdlessard/.m2/repository/org/eclipse/jetty/jetty-proxy/9.4.41.v20210516/jetty-proxy-9.4.41.v20210516.jar:/Users/fdlessard/.m2/repository/org/eclipse/jetty/jetty-client/9.4.41.v20210516/jetty-client-9.4.41.v20210516.jar:/Users/fdlessard/.m2/repository/org/eclipse/jetty/http2/http2-server/9.4.41.v20210516/http2-server-9.4.41.v20210516.jar:/Users/fdlessard/.m2/repository/org/eclipse/jetty/http2/http2-common/9.4.41.v20210516/http2-common-9.4.41.v20210516.jar:/Users/fdlessard/.m2/repository/org/eclipse/jetty/http2/http2-hpack/9.4.41.v20210516/http2-hpack-9.4.41.v20210516.jar:/Users/fdlessard/.m2/repository/org/eclipse/jetty/jetty-alpn-server/9.4.41.v20210516/jetty-alpn-server-9.4.41.v20210516.jar:/Users/fdlessard/.m2/repository/org/eclipse/jetty/jetty-alpn-conscrypt-server/9.4.41.v20210516/jetty-alpn-conscrypt-server-9.4.41.v20210516.jar:/Users/fdlessard/.m2/repository/org/eclipse/jetty/jetty-alpn-conscrypt-client/9.4.41.v20210516/jetty-alpn-conscrypt-client-9.4.41.v20210516.jar:/Users/fdlessard/.m2/repository/org/eclipse/jetty/jetty-alpn-client/9.4.41.v20210516/jetty-alpn-client-9.4.41.v20210516.jar:/Users/fdlessard/.m2/repository/org/conscrypt/conscrypt-openjdk-uber/2.5.2/conscrypt-openjdk-uber-2.5.2.jar:/Users/fdlessard/.m2/repository/com/google/guava/guava/30.1.1-jre/guava-30.1.1-jre.jar:/Users/fdlessard/.m2/repository/com/google/guava/failureaccess/1.0.1/failureaccess-1.0.1.jar:/Users/fdlessard/.m2/repository/com/google/guava/listenablefuture/9999.0-empty-to-avoid-conflict-with-guava/listenablefuture-9999.0-empty-to-avoid-conflict-with-guava.jar:/Users/fdlessard/.m2/repository/com/google/code/findbugs/jsr305/3.0.2/jsr305-3.0.2.jar:/Users/fdlessard/.m2/repository/org/checkerframework/checker-qual/3.8.0/checker-qual-3.8.0.jar:/Users/fdlessard/.m2/repository/com/google/errorprone/error_prone_annotations/2.5.1/error_prone_annotations-2.5.1.jar:/Users/fdlessard/.m2/repository/com/google/j2objc/j2objc-annotations/1.3/j2objc-annotations-1.3.jar:/Users/fdlessard/.m2/repository/com/fasterxml/jackson/core/jackson-core/2.12.3/jackson-core-2.12.3.jar:/Users/fdlessard/.m2/repository/com/fasterxml/jackson/core/jackson-annotations/2.12.3/jackson-annotations-2.12.3.jar:/Users/fdlessard/.m2/repository/com/fasterxml/jackson/core/jackson-databind/2.12.3/jackson-databind-2.12.3.jar:/Users/fdlessard/.m2/repository/org/apache/httpcomponents/httpclient/4.5.13/httpclient-4.5.13.jar:/Users/fdlessard/.m2/repository/org/apache/httpcomponents/httpcore/4.4.14/httpcore-4.4.14.jar:/Users/fdlessard/.m2/repository/commons-codec/commons-codec/1.15/commons-codec-1.15.jar:/Users/fdlessard/.m2/repository/org/xmlunit/xmlunit-legacy/2.8.2/xmlunit-legacy-2.8.2.jar:/Users/fdlessard/.m2/repository/org/xmlunit/xmlunit-placeholders/2.8.2/xmlunit-placeholders-2.8.2.jar:/Users/fdlessard/.m2/repository/net/javacrumbs/json-unit/json-unit-core/2.26.0/json-unit-core-2.26.0.jar:/Users/fdlessard/.m2/repository/org/hamcrest/hamcrest-core/2.2/hamcrest-core-2.2.jar:/Users/fdlessard/.m2/repository/net/minidev/json-smart/2.4.7/json-smart-2.4.7.jar:/Users/fdlessard/.m2/repository/net/minidev/accessors-smart/2.4.7/accessors-smart-2.4.7.jar:/Users/fdlessard/.m2/repository/org/ow2/asm/asm/9.1/asm-9.1.jar:/Users/fdlessard/.m2/repository/org/slf4j/slf4j-api/1.7.30/slf4j-api-1.7.30.jar:/Users/fdlessard/.m2/repository/net/sf/jopt-simple/jopt-simple/5.0.4/jopt-simple-5.0.4.jar:/Users/fdlessard/.m2/repository/org/apache/commons/commons-lang3/3.12.0/commons-lang3-3.12.0.jar:/Users/fdlessard/.m2/repository/com/github/jknack/handlebars/4.2.0/handlebars-4.2.0.jar:/Users/fdlessard/.m2/repository/com/github/jknack/handlebars-helpers/4.2.0/handlebars-helpers-4.2.0.jar:/Users/fdlessard/.m2/repository/commons-fileupload/commons-fileupload/1.4/commons-fileupload-1.4.jar:/Users/fdlessard/.m2/repository/commons-io/commons-io/2.9.0/commons-io-2.9.0.jar:/Users/fdlessard/.m2/repository/org/projectlombok/lombok/1.18.20/lombok-1.18.20.jar:/Users/fdlessard/.m2/repository/org/springframework/boot/spring-boot-starter-webflux/2.5.0/spring-boot-starter-webflux-2.5.0.jar:/Users/fdlessard/.m2/repository/org/springframework/boot/spring-boot-starter-json/2.5.0/spring-boot-starter-json-2.5.0.jar:/Users/fdlessard/.m2/repository/com/fasterxml/jackson/datatype/jackson-datatype-jdk8/2.12.3/jackson-datatype-jdk8-2.12.3.jar:/Users/fdlessard/.m2/repository/com/fasterxml/jackson/datatype/jackson-datatype-jsr310/2.12.3/jackson-datatype-jsr310-2.12.3.jar:/Users/fdlessard/.m2/repository/com/fasterxml/jackson/module/jackson-module-parameter-names/2.12.3/jackson-module-parameter-names-2.12.3.jar:/Users/fdlessard/.m2/repository/org/springframework/boot/spring-boot-starter-reactor-netty/2.5.0/spring-boot-starter-reactor-netty-2.5.0.jar:/Users/fdlessard/.m2/repository/io/projectreactor/netty/reactor-netty-http/1.0.7/reactor-netty-http-1.0.7.jar:/Users/fdlessard/.m2/repository/io/netty/netty-codec-http/4.1.65.Final/netty-codec-http-4.1.65.Final.jar:/Users/fdlessard/.m2/repository/io/netty/netty-common/4.1.65.Final/netty-common-4.1.65.Final.jar:/Users/fdlessard/.m2/repository/io/netty/netty-buffer/4.1.65.Final/netty-buffer-4.1.65.Final.jar:/Users/fdlessard/.m2/repository/io/netty/netty-transport/4.1.65.Final/netty-transport-4.1.65.Final.jar:/Users/fdlessard/.m2/repository/io/netty/netty-codec/4.1.65.Final/netty-codec-4.1.65.Final.jar:/Users/fdlessard/.m2/repository/io/netty/netty-handler/4.1.65.Final/netty-handler-4.1.65.Final.jar:/Users/fdlessard/.m2/repository/io/netty/netty-codec-http2/4.1.65.Final/netty-codec-http2-4.1.65.Final.jar:/Users/fdlessard/.m2/repository/io/netty/netty-resolver-dns/4.1.65.Final/netty-resolver-dns-4.1.65.Final.jar:/Users/fdlessard/.m2/repository/io/netty/netty-resolver/4.1.65.Final/netty-resolver-4.1.65.Final.jar:/Users/fdlessard/.m2/repository/io/netty/netty-codec-dns/4.1.65.Final/netty-codec-dns-4.1.65.Final.jar:/Users/fdlessard/.m2/repository/io/netty/netty-resolver-dns-native-macos/4.1.65.Final/netty-resolver-dns-native-macos-4.1.65.Final-osx-x86_64.jar:/Users/fdlessard/.m2/repository/io/netty/netty-transport-native-unix-common/4.1.65.Final/netty-transport-native-unix-common-4.1.65.Final.jar:/Users/fdlessard/.m2/repository/io/netty/netty-transport-native-epoll/4.1.65.Final/netty-transport-native-epoll-4.1.65.Final-linux-x86_64.jar:/Users/fdlessard/.m2/repository/io/projectreactor/netty/reactor-netty-core/1.0.7/reactor-netty-core-1.0.7.jar:/Users/fdlessard/.m2/repository/io/netty/netty-handler-proxy/4.1.65.Final/netty-handler-proxy-4.1.65.Final.jar:/Users/fdlessard/.m2/repository/io/netty/netty-codec-socks/4.1.65.Final/netty-codec-socks-4.1.65.Final.jar:/Users/fdlessard/.m2/repository/org/springframework/spring-web/5.3.7/spring-web-5.3.7.jar:/Users/fdlessard/.m2/repository/org/springframework/spring-beans/5.3.7/spring-beans-5.3.7.jar:/Users/fdlessard/.m2/repository/org/springframework/spring-webflux/5.3.7/spring-webflux-5.3.7.jar:/Users/fdlessard/.m2/repository/io/projectreactor/reactor-core/3.4.6/reactor-core-3.4.6.jar:/Users/fdlessard/.m2/repository/org/reactivestreams/reactive-streams/1.0.3/reactive-streams-1.0.3.jar:/Users/fdlessard/.m2/repository/org/springframework/security/spring-security-test/5.5.0/spring-security-test-5.5.0.jar:/Users/fdlessard/.m2/repository/org/springframework/security/spring-security-core/5.5.0/spring-security-core-5.5.0.jar:/Users/fdlessard/.m2/repository/org/springframework/spring-aop/5.3.7/spring-aop-5.3.7.jar:/Users/fdlessard/.m2/repository/org/springframework/spring-context/5.3.7/spring-context-5.3.7.jar:/Users/fdlessard/.m2/repository/org/springframework/spring-expression/5.3.7/spring-expression-5.3.7.jar:/Users/fdlessard/.m2/repository/org/springframework/security/spring-security-crypto/5.5.0/spring-security-crypto-5.5.0.jar:/Users/fdlessard/.m2/repository/org/springframework/security/spring-security-web/5.5.0/spring-security-web-5.5.0.jar:/Users/fdlessard/.m2/repository/org/springframework/boot/spring-boot-starter-oauth2-resource-server/2.5.0/spring-boot-starter-oauth2-resource-server-2.5.0.jar:/Users/fdlessard/.m2/repository/org/springframework/security/spring-security-config/5.5.0/spring-security-config-5.5.0.jar:/Users/fdlessard/.m2/repository/org/jetbrains/kotlin/kotlin-stdlib-jdk8/1.5.0/kotlin-stdlib-jdk8-1.5.0.jar:/Users/fdlessard/.m2/repository/org/jetbrains/kotlin/kotlin-stdlib/1.5.0/kotlin-stdlib-1.5.0.jar:/Users/fdlessard/.m2/repository/org/jetbrains/annotations/13.0/annotations-13.0.jar:/Users/fdlessard/.m2/repository/org/jetbrains/kotlin/kotlin-stdlib-common/1.5.0/kotlin-stdlib-common-1.5.0.jar:/Users/fdlessard/.m2/repository/org/jetbrains/kotlin/kotlin-stdlib-jdk7/1.5.0/kotlin-stdlib-jdk7-1.5.0.jar:/Users/fdlessard/.m2/repository/org/springframework/security/spring-security-oauth2-resource-server/5.5.0/spring-security-oauth2-resource-server-5.5.0.jar:/Users/fdlessard/.m2/repository/org/springframework/security/spring-security-oauth2-core/5.5.0/spring-security-oauth2-core-5.5.0.jar:/Users/fdlessard/.m2/repository/org/springframework/security/spring-security-oauth2-jose/5.5.0/spring-security-oauth2-jose-5.5.0.jar:/Users/fdlessard/.m2/repository/com/nimbusds/nimbus-jose-jwt/9.8.1/nimbus-jose-jwt-9.8.1.jar:/Users/fdlessard/.m2/repository/com/github/stephenc/jcip/jcip-annotations/1.0-1/jcip-annotations-1.0-1.jar:"/>
    <property name="java.vm.vendor" value="Oracle Corporation"/>
    <property name="sun.arch.data.model" value="64"/>
    <property name="java.vendor.url" value="http://java.oracle.com/"/>
    <property name="user.timezone" value=""/>
    <property name="java.vm.specification.version" value="11"/>
    <property name="os.name" value="Mac OS X"/>
    <property name="sun.java.launcher" value="SUN_STANDARD"/>
    <property name="user.country" value="CA"/>
    <property name="sun.boot.library.path" value="/Library/Java/JavaVirtualMachines/jdk-11.0.2.jdk/Contents/Home/lib"/>
    <property name="sun.java.command" value="/Users/fdlessard/Documents/SoftwareProjects/liveproject-validate/milestone1/target/surefire/surefirebooter9361475903513785199.jar /Users/fdlessard/Documents/SoftwareProjects/liveproject-validate/milestone1/target/surefire 2021-06-10T20-32-42_951-jvmRun1 surefire4114273065236645447tmp surefire_011771490661063539963tmp"/>
    <property name="http.nonProxyHosts" value="local|*.local|169.254/16|*.169.254/16"/>
    <property name="jdk.debug" value="release"/>
    <property name="surefire.test.class.path" value="/Users/fdlessard/Documents/SoftwareProjects/liveproject-validate/milestone1/target/test-classes:/Users/fdlessard/Documents/SoftwareProjects/liveproject-validate/milestone1/target/classes:/Users/fdlessard/.m2/repository/org/springframework/cloud/spring-cloud-starter-gateway/3.0.3/spring-cloud-starter-gateway-3.0.3.jar:/Users/fdlessard/.m2/repository/org/springframework/cloud/spring-cloud-starter/3.0.3/spring-cloud-starter-3.0.3.jar:/Users/fdlessard/.m2/repository/org/springframework/cloud/spring-cloud-context/3.0.3/spring-cloud-context-3.0.3.jar:/Users/fdlessard/.m2/repository/org/springframework/cloud/spring-cloud-commons/3.0.3/spring-cloud-commons-3.0.3.jar:/Users/fdlessard/.m2/repository/org/springframework/security/spring-security-rsa/1.0.10.RELEASE/spring-security-rsa-1.0.10.RELEASE.jar:/Users/fdlessard/.m2/repository/org/bouncycastle/bcpkix-jdk15on/1.68/bcpkix-jdk15on-1.68.jar:/Users/fdlessard/.m2/repository/org/bouncycastle/bcprov-jdk15on/1.68/bcprov-jdk15on-1.68.jar:/Users/fdlessard/.m2/repository/org/springframework/cloud/spring-cloud-gateway-server/3.0.3/spring-cloud-gateway-server-3.0.3.jar:/Users/fdlessard/.m2/repository/org/springframework/boot/spring-boot-starter-validation/2.5.0/spring-boot-starter-validation-2.5.0.jar:/Users/fdlessard/.m2/repository/org/apache/tomcat/embed/tomcat-embed-el/9.0.46/tomcat-embed-el-9.0.46.jar:/Users/fdlessard/.m2/repository/org/hibernate/validator/hibernate-validator/6.2.0.Final/hibernate-validator-6.2.0.Final.jar:/Users/fdlessard/.m2/repository/jakarta/validation/jakarta.validation-api/2.0.2/jakarta.validation-api-2.0.2.jar:/Users/fdlessard/.m2/repository/org/jboss/logging/jboss-logging/3.4.1.Final/jboss-logging-3.4.1.Final.jar:/Users/fdlessard/.m2/repository/com/fasterxml/classmate/1.5.1/classmate-1.5.1.jar:/Users/fdlessard/.m2/repository/io/projectreactor/addons/reactor-extra/3.4.3/reactor-extra-3.4.3.jar:/Users/fdlessard/.m2/repository/org/springframework/boot/spring-boot-starter-test/2.5.0/spring-boot-starter-test-2.5.0.jar:/Users/fdlessard/.m2/repository/org/springframework/boot/spring-boot-starter/2.5.0/spring-boot-starter-2.5.0.jar:/Users/fdlessard/.m2/repository/org/springframework/boot/spring-boot/2.5.0/spring-boot-2.5.0.jar:/Users/fdlessard/.m2/repository/org/springframework/boot/spring-boot-autoconfigure/2.5.0/spring-boot-autoconfigure-2.5.0.jar:/Users/fdlessard/.m2/repository/org/springframework/boot/spring-boot-starter-logging/2.5.0/spring-boot-starter-logging-2.5.0.jar:/Users/fdlessard/.m2/repository/ch/qos/logback/logback-classic/1.2.3/logback-classic-1.2.3.jar:/Users/fdlessard/.m2/repository/ch/qos/logback/logback-core/1.2.3/logback-core-1.2.3.jar:/Users/fdlessard/.m2/repository/org/apache/logging/log4j/log4j-to-slf4j/2.14.1/log4j-to-slf4j-2.14.1.jar:/Users/fdlessard/.m2/repository/org/apache/logging/log4j/log4j-api/2.14.1/log4j-api-2.14.1.jar:/Users/fdlessard/.m2/repository/org/slf4j/jul-to-slf4j/1.7.30/jul-to-slf4j-1.7.30.jar:/Users/fdlessard/.m2/repository/jakarta/annotation/jakarta.annotation-api/1.3.5/jakarta.annotation-api-1.3.5.jar:/Users/fdlessard/.m2/repository/org/yaml/snakeyaml/1.28/snakeyaml-1.28.jar:/Users/fdlessard/.m2/repository/org/springframework/boot/spring-boot-test/2.5.0/spring-boot-test-2.5.0.jar:/Users/fdlessard/.m2/repository/org/springframework/boot/spring-boot-test-autoconfigure/2.5.0/spring-boot-test-autoconfigure-2.5.0.jar:/Users/fdlessard/.m2/repository/com/jayway/jsonpath/json-path/2.5.0/json-path-2.5.0.jar:/Users/fdlessard/.m2/repository/jakarta/xml/bind/jakarta.xml.bind-api/2.3.3/jakarta.xml.bind-api-2.3.3.jar:/Users/fdlessard/.m2/repository/jakarta/activation/jakarta.activation-api/1.2.2/jakarta.activation-api-1.2.2.jar:/Users/fdlessard/.m2/repository/org/assertj/assertj-core/3.19.0/assertj-core-3.19.0.jar:/Users/fdlessard/.m2/repository/org/hamcrest/hamcrest/2.2/hamcrest-2.2.jar:/Users/fdlessard/.m2/repository/org/junit/jupiter/junit-jupiter/5.7.2/junit-jupiter-5.7.2.jar:/Users/fdlessard/.m2/repository/org/junit/jupiter/junit-jupiter-api/5.7.2/junit-jupiter-api-5.7.2.jar:/Users/fdlessard/.m2/repository/org/apiguardian/apiguardian-api/1.1.0/apiguardian-api-1.1.0.jar:/Users/fdlessard/.m2/repository/org/opentest4j/opentest4j/1.2.0/opentest4j-1.2.0.jar:/Users/fdlessard/.m2/repository/org/junit/platform/junit-platform-commons/1.7.2/junit-platform-commons-1.7.2.jar:/Users/fdlessard/.m2/repository/org/junit/jupiter/junit-jupiter-params/5.7.2/junit-jupiter-params-5.7.2.jar:/Users/fdlessard/.m2/repository/org/junit/jupiter/junit-jupiter-engine/5.7.2/junit-jupiter-engine-5.7.2.jar:/Users/fdlessard/.m2/repository/org/junit/platform/junit-platform-engine/1.7.2/junit-platform-engine-1.7.2.jar:/Users/fdlessard/.m2/repository/org/mockito/mockito-core/3.9.0/mockito-core-3.9.0.jar:/Users/fdlessard/.m2/repository/net/bytebuddy/byte-buddy/1.10.22/byte-buddy-1.10.22.jar:/Users/fdlessard/.m2/repository/net/bytebuddy/byte-buddy-agent/1.10.22/byte-buddy-agent-1.10.22.jar:/Users/fdlessard/.m2/repository/org/objenesis/objenesis/3.2/objenesis-3.2.jar:/Users/fdlessard/.m2/repository/org/mockito/mockito-junit-jupiter/3.9.0/mockito-junit-jupiter-3.9.0.jar:/Users/fdlessard/.m2/repository/org/skyscreamer/jsonassert/1.5.0/jsonassert-1.5.0.jar:/Users/fdlessard/.m2/repository/com/vaadin/external/google/android-json/0.0.20131108.vaadin1/android-json-0.0.20131108.vaadin1.jar:/Users/fdlessard/.m2/repository/org/springframework/spring-core/5.3.7/spring-core-5.3.7.jar:/Users/fdlessard/.m2/repository/org/springframework/spring-jcl/5.3.7/spring-jcl-5.3.7.jar:/Users/fdlessard/.m2/repository/org/springframework/spring-test/5.3.7/spring-test-5.3.7.jar:/Users/fdlessard/.m2/repository/org/xmlunit/xmlunit-core/2.8.2/xmlunit-core-2.8.2.jar:/Users/fdlessard/.m2/repository/com/github/tomakehurst/wiremock-jre8/2.28.1/wiremock-jre8-2.28.1.jar:/Users/fdlessard/.m2/repository/org/eclipse/jetty/jetty-server/9.4.41.v20210516/jetty-server-9.4.41.v20210516.jar:/Users/fdlessard/.m2/repository/javax/servlet/javax.servlet-api/4.0.1/javax.servlet-api-4.0.1.jar:/Users/fdlessard/.m2/repository/org/eclipse/jetty/jetty-http/9.4.41.v20210516/jetty-http-9.4.41.v20210516.jar:/Users/fdlessard/.m2/repository/org/eclipse/jetty/jetty-io/9.4.41.v20210516/jetty-io-9.4.41.v20210516.jar:/Users/fdlessard/.m2/repository/org/eclipse/jetty/jetty-servlet/9.4.41.v20210516/jetty-servlet-9.4.41.v20210516.jar:/Users/fdlessard/.m2/repository/org/eclipse/jetty/jetty-security/9.4.41.v20210516/jetty-security-9.4.41.v20210516.jar:/Users/fdlessard/.m2/repository/org/eclipse/jetty/jetty-util-ajax/9.4.41.v20210516/jetty-util-ajax-9.4.41.v20210516.jar:/Users/fdlessard/.m2/repository/org/eclipse/jetty/jetty-servlets/9.4.41.v20210516/jetty-servlets-9.4.41.v20210516.jar:/Users/fdlessard/.m2/repository/org/eclipse/jetty/jetty-continuation/9.4.41.v20210516/jetty-continuation-9.4.41.v20210516.jar:/Users/fdlessard/.m2/repository/org/eclipse/jetty/jetty-util/9.4.41.v20210516/jetty-util-9.4.41.v20210516.jar:/Users/fdlessard/.m2/repository/org/eclipse/jetty/jetty-webapp/9.4.41.v20210516/jetty-webapp-9.4.41.v20210516.jar:/Users/fdlessard/.m2/repository/org/eclipse/jetty/jetty-xml/9.4.41.v20210516/jetty-xml-9.4.41.v20210516.jar:/Users/fdlessard/.m2/repository/org/eclipse/jetty/jetty-proxy/9.4.41.v20210516/jetty-proxy-9.4.41.v20210516.jar:/Users/fdlessard/.m2/repository/org/eclipse/jetty/jetty-client/9.4.41.v20210516/jetty-client-9.4.41.v20210516.jar:/Users/fdlessard/.m2/repository/org/eclipse/jetty/http2/http2-server/9.4.41.v20210516/http2-server-9.4.41.v20210516.jar:/Users/fdlessard/.m2/repository/org/eclipse/jetty/http2/http2-common/9.4.41.v20210516/http2-common-9.4.41.v20210516.jar:/Users/fdlessard/.m2/repository/org/eclipse/jetty/http2/http2-hpack/9.4.41.v20210516/http2-hpack-9.4.41.v20210516.jar:/Users/fdlessard/.m2/repository/org/eclipse/jetty/jetty-alpn-server/9.4.41.v20210516/jetty-alpn-server-9.4.41.v20210516.jar:/Users/fdlessard/.m2/repository/org/eclipse/jetty/jetty-alpn-conscrypt-server/9.4.41.v20210516/jetty-alpn-conscrypt-server-9.4.41.v20210516.jar:/Users/fdlessard/.m2/repository/org/eclipse/jetty/jetty-alpn-conscrypt-client/9.4.41.v20210516/jetty-alpn-conscrypt-client-9.4.41.v20210516.jar:/Users/fdlessard/.m2/repository/org/eclipse/jetty/jetty-alpn-client/9.4.41.v20210516/jetty-alpn-client-9.4.41.v20210516.jar:/Users/fdlessard/.m2/repository/org/conscrypt/conscrypt-openjdk-uber/2.5.2/conscrypt-openjdk-uber-2.5.2.jar:/Users/fdlessard/.m2/repository/com/google/guava/guava/30.1.1-jre/guava-30.1.1-jre.jar:/Users/fdlessard/.m2/repository/com/google/guava/failureaccess/1.0.1/failureaccess-1.0.1.jar:/Users/fdlessard/.m2/repository/com/google/guava/listenablefuture/9999.0-empty-to-avoid-conflict-with-guava/listenablefuture-9999.0-empty-to-avoid-conflict-with-guava.jar:/Users/fdlessard/.m2/repository/com/google/code/findbugs/jsr305/3.0.2/jsr305-3.0.2.jar:/Users/fdlessard/.m2/repository/org/checkerframework/checker-qual/3.8.0/checker-qual-3.8.0.jar:/Users/fdlessard/.m2/repository/com/google/errorprone/error_prone_annotations/2.5.1/error_prone_annotations-2.5.1.jar:/Users/fdlessard/.m2/repository/com/google/j2objc/j2objc-annotations/1.3/j2objc-annotations-1.3.jar:/Users/fdlessard/.m2/repository/com/fasterxml/jackson/core/jackson-core/2.12.3/jackson-core-2.12.3.jar:/Users/fdlessard/.m2/repository/com/fasterxml/jackson/core/jackson-annotations/2.12.3/jackson-annotations-2.12.3.jar:/Users/fdlessard/.m2/repository/com/fasterxml/jackson/core/jackson-databind/2.12.3/jackson-databind-2.12.3.jar:/Users/fdlessard/.m2/repository/org/apache/httpcomponents/httpclient/4.5.13/httpclient-4.5.13.jar:/Users/fdlessard/.m2/repository/org/apache/httpcomponents/httpcore/4.4.14/httpcore-4.4.14.jar:/Users/fdlessard/.m2/repository/commons-codec/commons-codec/1.15/commons-codec-1.15.jar:/Users/fdlessard/.m2/repository/org/xmlunit/xmlunit-legacy/2.8.2/xmlunit-legacy-2.8.2.jar:/Users/fdlessard/.m2/repository/org/xmlunit/xmlunit-placeholders/2.8.2/xmlunit-placeholders-2.8.2.jar:/Users/fdlessard/.m2/repository/net/javacrumbs/json-unit/json-unit-core/2.26.0/json-unit-core-2.26.0.jar:/Users/fdlessard/.m2/repository/org/hamcrest/hamcrest-core/2.2/hamcrest-core-2.2.jar:/Users/fdlessard/.m2/repository/net/minidev/json-smart/2.4.7/json-smart-2.4.7.jar:/Users/fdlessard/.m2/repository/net/minidev/accessors-smart/2.4.7/accessors-smart-2.4.7.jar:/Users/fdlessard/.m2/repository/org/ow2/asm/asm/9.1/asm-9.1.jar:/Users/fdlessard/.m2/repository/org/slf4j/slf4j-api/1.7.30/slf4j-api-1.7.30.jar:/Users/fdlessard/.m2/repository/net/sf/jopt-simple/jopt-simple/5.0.4/jopt-simple-5.0.4.jar:/Users/fdlessard/.m2/repository/org/apache/commons/commons-lang3/3.12.0/commons-lang3-3.12.0.jar:/Users/fdlessard/.m2/repository/com/github/jknack/handlebars/4.2.0/handlebars-4.2.0.jar:/Users/fdlessard/.m2/repository/com/github/jknack/handlebars-helpers/4.2.0/handlebars-helpers-4.2.0.jar:/Users/fdlessard/.m2/repository/commons-fileupload/commons-fileupload/1.4/commons-fileupload-1.4.jar:/Users/fdlessard/.m2/repository/commons-io/commons-io/2.9.0/commons-io-2.9.0.jar:/Users/fdlessard/.m2/repository/org/projectlombok/lombok/1.18.20/lombok-1.18.20.jar:/Users/fdlessard/.m2/repository/org/springframework/boot/spring-boot-starter-webflux/2.5.0/spring-boot-starter-webflux-2.5.0.jar:/Users/fdlessard/.m2/repository/org/springframework/boot/spring-boot-starter-json/2.5.0/spring-boot-starter-json-2.5.0.jar:/Users/fdlessard/.m2/repository/com/fasterxml/jackson/datatype/jackson-datatype-jdk8/2.12.3/jackson-datatype-jdk8-2.12.3.jar:/Users/fdlessard/.m2/repository/com/fasterxml/jackson/datatype/jackson-datatype-jsr310/2.12.3/jackson-datatype-jsr310-2.12.3.jar:/Users/fdlessard/.m2/repository/com/fasterxml/jackson/module/jackson-module-parameter-names/2.12.3/jackson-module-parameter-names-2.12.3.jar:/Users/fdlessard/.m2/repository/org/springframework/boot/spring-boot-starter-reactor-netty/2.5.0/spring-boot-starter-reactor-netty-2.5.0.jar:/Users/fdlessard/.m2/repository/io/projectreactor/netty/reactor-netty-http/1.0.7/reactor-netty-http-1.0.7.jar:/Users/fdlessard/.m2/repository/io/netty/netty-codec-http/4.1.65.Final/netty-codec-http-4.1.65.Final.jar:/Users/fdlessard/.m2/repository/io/netty/netty-common/4.1.65.Final/netty-common-4.1.65.Final.jar:/Users/fdlessard/.m2/repository/io/netty/netty-buffer/4.1.65.Final/netty-buffer-4.1.65.Final.jar:/Users/fdlessard/.m2/repository/io/netty/netty-transport/4.1.65.Final/netty-transport-4.1.65.Final.jar:/Users/fdlessard/.m2/repository/io/netty/netty-codec/4.1.65.Final/netty-codec-4.1.65.Final.jar:/Users/fdlessard/.m2/repository/io/netty/netty-handler/4.1.65.Final/netty-handler-4.1.65.Final.jar:/Users/fdlessard/.m2/repository/io/netty/netty-codec-http2/4.1.65.Final/netty-codec-http2-4.1.65.Final.jar:/Users/fdlessard/.m2/repository/io/netty/netty-resolver-dns/4.1.65.Final/netty-resolver-dns-4.1.65.Final.jar:/Users/fdlessard/.m2/repository/io/netty/netty-resolver/4.1.65.Final/netty-resolver-4.1.65.Final.jar:/Users/fdlessard/.m2/repository/io/netty/netty-codec-dns/4.1.65.Final/netty-codec-dns-4.1.65.Final.jar:/Users/fdlessard/.m2/repository/io/netty/netty-resolver-dns-native-macos/4.1.65.Final/netty-resolver-dns-native-macos-4.1.65.Final-osx-x86_64.jar:/Users/fdlessard/.m2/repository/io/netty/netty-transport-native-unix-common/4.1.65.Final/netty-transport-native-unix-common-4.1.65.Final.jar:/Users/fdlessard/.m2/repository/io/netty/netty-transport-native-epoll/4.1.65.Final/netty-transport-native-epoll-4.1.65.Final-linux-x86_64.jar:/Users/fdlessard/.m2/repository/io/projectreactor/netty/reactor-netty-core/1.0.7/reactor-netty-core-1.0.7.jar:/Users/fdlessard/.m2/repository/io/netty/netty-handler-proxy/4.1.65.Final/netty-handler-proxy-4.1.65.Final.jar:/Users/fdlessard/.m2/repository/io/netty/netty-codec-socks/4.1.65.Final/netty-codec-socks-4.1.65.Final.jar:/Users/fdlessard/.m2/repository/org/springframework/spring-web/5.3.7/spring-web-5.3.7.jar:/Users/fdlessard/.m2/repository/org/springframework/spring-beans/5.3.7/spring-beans-5.3.7.jar:/Users/fdlessard/.m2/repository/org/springframework/spring-webflux/5.3.7/spring-webflux-5.3.7.jar:/Users/fdlessard/.m2/repository/io/projectreactor/reactor-core/3.4.6/reactor-core-3.4.6.jar:/Users/fdlessard/.m2/repository/org/reactivestreams/reactive-streams/1.0.3/reactive-streams-1.0.3.jar:/Users/fdlessard/.m2/repository/org/springframework/security/spring-security-test/5.5.0/spring-security-test-5.5.0.jar:/Users/fdlessard/.m2/repository/org/springframework/security/spring-security-core/5.5.0/spring-security-core-5.5.0.jar:/Users/fdlessard/.m2/repository/org/springframework/spring-aop/5.3.7/spring-aop-5.3.7.jar:/Users/fdlessard/.m2/repository/org/springframework/spring-context/5.3.7/spring-context-5.3.7.jar:/Users/fdlessard/.m2/repository/org/springframework/spring-expression/5.3.7/spring-expression-5.3.7.jar:/Users/fdlessard/.m2/repository/org/springframework/security/spring-security-crypto/5.5.0/spring-security-crypto-5.5.0.jar:/Users/fdlessard/.m2/repository/org/springframework/security/spring-security-web/5.5.0/spring-security-web-5.5.0.jar:/Users/fdlessard/.m2/repository/org/springframework/boot/spring-boot-starter-oauth2-resource-server/2.5.0/spring-boot-starter-oauth2-resource-server-2.5.0.jar:/Users/fdlessard/.m2/repository/org/springframework/security/spring-security-config/5.5.0/spring-security-config-5.5.0.jar:/Users/fdlessard/.m2/repository/org/jetbrains/kotlin/kotlin-stdlib-jdk8/1.5.0/kotlin-stdlib-jdk8-1.5.0.jar:/Users/fdlessard/.m2/repository/org/jetbrains/kotlin/kotlin-stdlib/1.5.0/kotlin-stdlib-1.5.0.jar:/Users/fdlessard/.m2/repository/org/jetbrains/annotations/13.0/annotations-13.0.jar:/Users/fdlessard/.m2/repository/org/jetbrains/kotlin/kotlin-stdlib-common/1.5.0/kotlin-stdlib-common-1.5.0.jar:/Users/fdlessard/.m2/repository/org/jetbrains/kotlin/kotlin-stdlib-jdk7/1.5.0/kotlin-stdlib-jdk7-1.5.0.jar:/Users/fdlessard/.m2/repository/org/springframework/security/spring-security-oauth2-resource-server/5.5.0/spring-security-oauth2-resource-server-5.5.0.jar:/Users/fdlessard/.m2/repository/org/springframework/security/spring-security-oauth2-core/5.5.0/spring-security-oauth2-core-5.5.0.jar:/Users/fdlessard/.m2/repository/org/springframework/security/spring-security-oauth2-jose/5.5.0/spring-security-oauth2-jose-5.5.0.jar:/Users/fdlessard/.m2/repository/com/nimbusds/nimbus-jose-jwt/9.8.1/nimbus-jose-jwt-9.8.1.jar:/Users/fdlessard/.m2/repository/com/github/stephenc/jcip/jcip-annotations/1.0-1/jcip-annotations-1.0-1.jar:"/>
    <property name="sun.cpu.endian" value="little"/>
    <property name="user.home" value="/Users/fdlessard"/>
    <property name="user.language" value="fr"/>
    <property name="java.specification.vendor" value="Oracle Corporation"/>
    <property name="java.version.date" value="2019-01-15"/>
    <property name="java.home" value="/Library/Java/JavaVirtualMachines/jdk-11.0.2.jdk/Contents/Home"/>
    <property name="file.separator" value="/"/>
    <property name="basedir" value="/Users/fdlessard/Documents/SoftwareProjects/liveproject-validate/milestone1"/>
    <property name="java.vm.compressedOopsMode" value="Zero based"/>
    <property name="line.separator" value="&#10;"/>
    <property name="java.specification.name" value="Java Platform API Specification"/>
    <property name="java.vm.specification.vendor" value="Oracle Corporation"/>
    <property name="java.awt.graphicsenv" value="sun.awt.CGraphicsEnvironment"/>
    <property name="surefire.real.class.path" value="/Users/fdlessard/Documents/SoftwareProjects/liveproject-validate/milestone1/target/surefire/surefirebooter9361475903513785199.jar"/>
    <property name="sun.management.compiler" value="HotSpot 64-Bit Tiered Compilers"/>
    <property name="ftp.nonProxyHosts" value="local|*.local|169.254/16|*.169.254/16"/>
    <property name="java.runtime.version" value="11.0.2+9-LTS"/>
    <property name="user.name" value="fdlessard"/>
    <property name="path.separator" value=":"/>
    <property name="os.version" value="10.16"/>
    <property name="java.runtime.name" value="Java(TM) SE Runtime Environment"/>
    <property name="file.encoding" value="UTF-8"/>
    <property name="java.vm.name" value="Java HotSpot(TM) 64-Bit Server VM"/>
    <property name="java.vendor.version" value="18.9"/>
    <property name="localRepository" value="/Users/fdlessard/.m2/repository"/>
    <property name="java.vendor.url.bug" value="http://bugreport.java.com/bugreport/"/>
    <property name="java.io.tmpdir" value="/var/folders/8p/2txvfn_d3zg7dnpc8yyq9vnc0000gp/T/"/>
    <property name="idea.version" value="2021.1.2"/>
    <property name="java.version" value="11.0.2"/>
    <property name="user.dir" value="/Users/fdlessard/Documents/SoftwareProjects/liveproject-validate/milestone1"/>
    <property name="os.arch" value="x86_64"/>
    <property name="java.vm.specification.name" value="Java Virtual Machine Specification"/>
    <property name="java.awt.printerjob" value="sun.lwawt.macosx.CPrinterJob"/>
    <property name="sun.os.patch.level" value="unknown"/>
    <property name="java.library.path" value="/Users/fdlessard/Library/Java/Extensions:/Library/Java/Extensions:/Network/Library/Java/Extensions:/System/Library/Java/Extensions:/usr/lib/java:."/>
    <property name="java.vendor" value="Oracle Corporation"/>
    <property name="java.vm.info" value="mixed mode"/>
    <property name="java.vm.version" value="11.0.2+9-LTS"/>
    <property name="sun.io.unicode.encoding" value="UnicodeBig"/>
    <property name="java.class.version" value="55.0"/>
    <property name="socksNonProxyHosts" value="local|*.local|169.254/16|*.169.254/16"/>
  </properties>
  <testcase name="redirectToAdvicePostTest" classname="io.fdlessard.liveproject.validate.Milestone1ApplicationTest" time="1.187"/>
  <testcase name="redirectToAdvicePostNoAuthTest" classname="io.fdlessard.liveproject.validate.Milestone1ApplicationTest" time="0.006"/>
</testsuite>